Training origin losses:
1.0643734661862254, 0.13783431018237025, 0.12031005905009806
Training point classification losses:
47.63889193534851, 20.09421893954277, 17.962221324443817
Training point regression losses:
6.164019361138344, 5.99938578158617, 5.621791936457157
Training total losses:
54.86728486418724, 26.231438905000687, 23.70432338118553
Training times:
21.60818076133728, 21.623311758041382, 21.73158597946167
Test origin losses:
0.035777108394540846, 0.029284881078638136, 0.026985541684553027
Test orient losses:
5.471913248300552, 4.625351279973984, 4.244638115167618
Test point regression losses:
1.3458318635821342, 1.336891956627369, 1.3335874378681183
Test total losses:
6.853522181510925, 5.991528153419495, 5.605210989713669
Test times:
7.827916860580444, 7.925894498825073, 7.902822971343994