Training origin losses:
2.441557116806507, 0.27151624159887433, 0.1292976033873856
Training point classification losses:
44.22383603453636, 19.769843816757202, 17.72555124759674
Training point regression losses:
6.195826940238476, 5.915029942989349, 5.597519241273403
Training total losses:
52.86122038960457, 25.956389844417572, 23.452368050813675
Training times:
21.76256275177002, 21.670959949493408, 21.765111684799194
Test origin losses:
0.34577178582549095, 0.0313752320362255, 0.029426495893858373
Test orient losses:
5.479280233383179, 4.549873799085617, 4.181094408035278
Test point regression losses:
1.3521693125367165, 1.3424567729234695, 1.3408220782876015
Test total losses:
7.177221328020096, 5.923705726861954, 5.551342874765396
Test times:
7.745313405990601, 7.7911481857299805, 7.7433836460113525