Training origin losses:
0.39111340045928955, 0.39111340045928955, 0.39111340045928955, 0.39111340045928955, 0.39111340045928955, 0.39111340045928955, 0.39111340045928955, 0.39111340045928955, 0.39111340045928955, 0.39111340045928955, 0.39111340045928955, 0.39111340045928955, 0.39111340045928955, 0.39111340045928955, 0.39111337065696716, 0.39111340045928955, 0.39111340045928955, 0.39111340045928955, 0.39111340045928955, 0.3898043930530548, 0.3895317614078522, 0.3842010200023651, 0.3845217078924179, 0.38162530958652496, 0.37977971136569977, 0.37874656915664673, 0.3800847828388214, 0.37542833387851715, 0.3740803599357605, 0.37235336005687714, 0.37358085811138153, 0.3782481402158737, 0.376294881105423, 0.37506842613220215, 0.37506820261478424, 0.3738659620285034, 0.37125712633132935, 0.34303177148103714, 0.2937125861644745, 0.24245285987854004
Training point classification losses:
0.9653289914131165, 0.6677938103675842, 0.5009171068668365, 0.42216892540454865, 0.38308285176754, 0.3331020474433899, 0.3137792721390724, 0.29020577669143677, 0.28188300877809525, 0.2788938209414482, 0.2674959599971771, 0.26168763637542725, 0.26027321070432663, 0.2506602630019188, 0.23798532783985138, 0.22129669785499573, 0.22220254689455032, 0.21633410453796387, 0.2189105898141861, 0.20831448584794998, 0.20261630415916443, 0.1934984214603901, 0.18625818565487862, 0.18530204519629478, 0.1843169890344143, 0.17893850058317184, 0.17927908524870872, 0.1744622252881527, 0.17180920764803886, 0.17244663834571838, 0.16177211329340935, 0.15961848944425583, 0.16432522982358932, 0.15651386231184006, 0.15187902748584747, 0.1567101888358593, 0.15552355721592903, 0.15366043895483017, 0.1464436687529087, 0.14798299595713615
Training point regression losses:
1.752707839012146, 1.6165077090263367, 1.436009258031845, 1.3677236139774323, 1.3198681771755219, 1.2333219349384308, 1.2197225093841553, 1.2185134291648865, 1.195191502571106, 1.2041853666305542, 1.1956267952919006, 1.1841859221458435, 1.1741718649864197, 1.1842538118362427, 1.146712988615036, 1.1279563903808594, 1.1452637612819672, 1.1304652988910675, 1.1407329738140106, 1.1176901459693909, 1.1254782974720001, 1.1043393313884735, 1.0745842456817627, 1.0680650770664215, 1.039163202047348, 1.0337322354316711, 1.0229223370552063, 1.0232416093349457, 0.995308130979538, 0.9754617512226105, 0.9410330057144165, 0.9567477405071259, 0.9540289640426636, 0.9248343110084534, 0.9096298217773438, 0.9227078855037689, 0.905988872051239, 0.8775814175605774, 0.8410484790802002, 0.8363732695579529
Training total losses:
319.45912170410156, 470.88763427734375, 621.3646392822266, 714.6708831787109, 794.2594604492188, 849.9796447753906, 939.3138732910156, 1027.9132995605469, 1003.17626953125, 1053.13134765625, 1160.9857788085938, 1184.9390258789062, 1216.2643432617188, 1340.0947875976562, 1362.75634765625, 1425.5890808105469, 1388.7339172363281, 1370.7801818847656, 1366.2407531738281, 1335.8551635742188, 1373.597412109375, 1386.6268615722656, 1422.0968627929688, 1424.0928039550781, 1425.3294372558594, 1421.7073364257812, 1380.5368347167969, 1305.0669250488281, 1289.3929138183594, 1347.8304748535156, 1325.7550659179688, 1304.9556884765625, 1189.795654296875, 1224.5118713378906, 1250.984130859375, 1222.0642395019531, 1177.84326171875, 1157.14404296875, 1111.6062622070312, 1104.1549987792969
Training times:
13.381257772445679, 14.002561807632446, 13.430099725723267, 12.308272123336792, 12.788852453231812, 15.652249574661255, 18.274353742599487, 19.09521222114563, 18.82552194595337, 17.732874870300293, 16.856425046920776, 16.587813138961792, 16.973824501037598, 18.31317687034607, 19.612897157669067, 20.315640926361084, 21.07134485244751, 19.973110914230347, 19.450555562973022, 19.46938991546631, 20.175934314727783, 20.260743856430054, 21.387996673583984, 21.319664239883423, 21.42505431175232, 21.754462957382202, 21.412055492401123, 20.987191915512085, 21.489960432052612, 21.99235987663269, 21.439215898513794, 20.545260429382324, 19.64452815055847, 20.865575075149536, 21.261386156082153, 20.226414918899536, 19.378697156906128, 19.80645442008972, 19.43415856361389, 19.450180053710938
Test origin losses:
0.1339162141084671, 0.1339162141084671, 0.1339162141084671, 0.1339162141084671, 0.1339162141084671, 0.1339162141084671, 0.1339162141084671, 0.1339162141084671, 0.1339162141084671, 0.1339162141084671, 0.1339162141084671, 0.1339162141084671, 0.1339162141084671, 0.1339162141084671, 0.1339162141084671, 0.1339162141084671, 0.1339162141084671, 0.1339162141084671, 0.1339162141084671, 0.1339162141084671, 0.1339162141084671, 0.1339162141084671, 0.1339162141084671, 0.13391605019569397, 0.13152122497558594, 0.1305721551179886, 0.13015249371528625, 0.13207943737506866, 0.13207560777664185, 0.13211242854595184, 0.13168245553970337, 0.13321633636951447, 0.13206274807453156, 0.13068614900112152, 0.1306854784488678, 0.13068607449531555, 0.12240977585315704, 0.1057703047990799, 0.08354126662015915, 0.07181993126869202
Test orient losses:
0.18612442910671234, 0.1608625203371048, 0.15481017529964447, 0.14424683153629303, 0.12098932266235352, 0.10827165096998215, 0.10494238138198853, 0.10291717201471329, 0.10324632376432419, 0.10521084815263748, 0.10874905437231064, 0.11127854138612747, 0.11415021866559982, 0.11076713353395462, 0.10506544262170792, 0.10377300530672073, 0.10827647894620895, 0.11153990030288696, 0.11255238205194473, 0.11347994208335876, 0.11108510196208954, 0.10889772325754166, 0.10840097069740295, 0.10696094483137131, 0.10597015917301178, 0.10382042825222015, 0.10512600839138031, 0.1056588664650917, 0.10284742712974548, 0.1017235815525055, 0.10590817034244537, 0.11149571090936661, 0.10673902928829193, 0.10269580036401749, 0.10702265799045563, 0.11497312784194946, 0.11188635975122452, 0.10645901411771774, 0.10416387021541595, 0.10317055135965347
Test point regression losses:
0.4763566851615906, 0.4692680835723877, 0.4861305356025696, 0.4940316081047058, 0.4529763460159302, 0.4286568760871887, 0.446335107088089, 0.4453141391277313, 0.4440767467021942, 0.4587536156177521, 0.4659414291381836, 0.4667465090751648, 0.482993483543396, 0.47627535462379456, 0.47016897797584534, 0.4736018180847168, 0.4805745482444763, 0.4834139347076416, 0.48489823937416077, 0.48927563428878784, 0.48737406730651855, 0.48276662826538086, 0.48020270466804504, 0.47272998094558716, 0.4665583670139313, 0.46910303831100464, 0.46645236015319824, 0.46582168340682983, 0.4596361219882965, 0.44594451785087585, 0.45614123344421387, 0.46673479676246643, 0.4564298093318939, 0.44362568855285645, 0.44252851605415344, 0.4558773934841156, 0.44743841886520386, 0.4357507526874542, 0.4366810917854309, 0.4333256185054779
Test total losses:
198.28622436523438, 203.93545532226562, 191.19276428222656, 180.16592407226562, 190.91067504882812, 199.5109100341797, 214.31497192382812, 218.55775451660156, 224.3342742919922, 237.1326904296875, 243.8557586669922, 251.12860107421875, 278.8482666015625, 294.3700256347656, 302.3337097167969, 308.2210998535156, 299.8992919921875, 291.1716003417969, 290.0560607910156, 292.6085205078125, 292.1449890136719, 296.6824035644531, 301.69061279296875, 304.9208984375, 305.7016906738281, 314.39849853515625, 299.1083679199219, 299.0931091308594, 314.2394714355469, 306.9293518066406, 315.1517639160156, 298.16796875, 291.5044250488281, 306.30291748046875, 297.6669921875, 284.9402770996094, 281.8636169433594, 279.4110107421875, 271.4740295410156, 260.69879150390625
Test times:
4.613875150680542, 4.743948459625244, 4.431435823440552, 4.3723719120025635, 4.676222324371338, 5.288773536682129, 5.461332082748413, 5.751153230667114, 5.521759986877441, 5.2937397956848145, 5.217446327209473, 5.247591733932495, 5.43940281867981, 5.722025156021118, 5.906059980392456, 6.234253168106079, 6.0022783279418945, 5.737792730331421, 5.763944625854492, 9.169163703918457, 5.796587705612183, 6.017698526382446, 6.0992114543914795, 5.957705736160278, 6.238758563995361, 6.286374568939209, 6.1943254470825195, 6.398925304412842, 6.542379856109619, 6.361328363418579, 6.337389707565308, 6.2699103355407715, 6.312725305557251, 6.540724039077759, 6.299874305725098, 6.096762418746948, 5.980311393737793, 5.98583459854126, 5.980565547943115, 9.549448490142822
Bar Precisions:
0.7374884888773778, 0.7349642127419905
Bar Recalls:
0.7907948532948533, 0.8323090522911314
Bar F1s:
0.7632120108559093, 0.7806135420325132
Tick Precisions:
0.42427519666442004, 0.4537970059284987
Tick Recalls:
0.8772480091924535, 0.8949869060980172
Tick F1s:
0.571936896628071, 0.6022349091075253