Training origin losses:
0.00387191182380775, 0.0040208070386142936, 0.004027869566925801, 0.004093913728866028, 0.004111702037334908, 0.004159816508035874, 0.003981701196607901, 0.003987583455455024, 0.004067744015628705, 0.004099300535017392, 0.0040487630176357925, 0.004190687577647623, 0.004054631030157907, 0.004163473477092339, 0.004033519569929922, 0.003911941334081348, 0.00391394947655499, 0.004058798011101317, 0.004030528602015693, 0.004001090641395422, 0.004097282057045959
Training point classification losses:
0.5002469997853041, 0.5381637965328991, 0.5306657366454601, 0.5214025457389653, 0.5328605119138956, 0.5380294905044138, 0.5337719609960914, 0.5300565683282912, 0.5362035892903805, 0.5428224131464958, 0.532203693408519, 0.5345338848419487, 0.5317591517232358, 0.5402063424699008, 0.5368333924561739, 0.5261739380657673, 0.5312258619815111, 0.5277949897572398, 0.5273107355460525, 0.531576722394675, 0.5303590949624777
Training point regression losses:
0.742344425059855, 0.8179897936061025, 0.7504516206681728, 0.7890320541337132, 0.7653162581846118, 0.8437059530988336, 0.7608250817283988, 0.7329242089763284, 0.7707686815410852, 0.755791550502181, 0.7399391196668148, 0.7710246676579118, 0.7619450530037284, 0.7750742025673389, 0.7457761326804757, 0.7387410048395395, 0.7332551684230566, 0.7243902124464512, 0.7679075552150607, 0.7446143180131912, 0.7997630089521408
Training total losses:
5.656905759125948, 5.451852191239595, 5.825182128697634, 5.628012575209141, 5.7908463552594185, 5.910866104066372, 5.680453699082136, 5.7596506886184216, 5.889697011560202, 5.964661434292793, 5.998391531407833, 5.887237057089806, 5.600456457585096, 6.126293815672398, 5.568886075168848, 5.533496093004942, 6.006017331033945, 5.777206029742956, 5.39810062199831, 5.751407794654369, 5.767159700393677
Training times:
137.0881381034851, 143.4227592945099, 142.55295634269714, 143.0922303199768, 146.04437398910522, 148.40987753868103, 148.6068184375763, 147.50085592269897, 146.4018611907959, 151.07565307617188, 149.67778420448303, 146.76745986938477, 150.0713381767273, 152.12196516990662, 152.0911705493927, 150.74952459335327, 150.83414435386658, 150.6293740272522, 151.5533242225647, 150.47866821289062, 151.592120885849
Test origin losses:
0.0009483100220677443, 0.0009330013090220746, 0.0009667158228694461, 0.0009567466877342667, 0.0009264753498428036, 0.0009598487813491374, 0.0009328819760412443, 0.0009097110814764164, 0.0009267249770346098, 0.000944933170103468, 0.0009248456844943576, 0.0009220818792528007, 0.0010840650138561614, 0.000943827039009193, 0.0009287791144743096, 0.000929028341488447, 0.0009783384848560672, 0.000930759768380085, 0.0009454392056795768, 0.0011019502489943989, 0.0009561548831698019
Test orient losses:
0.28648052364587784, 0.22029404435306787, 0.2392191058024764, 0.23209366109222174, 0.21906383614987135, 0.2155429134145379, 0.21995003521442413, 0.2250138372182846, 0.22501633036881685, 0.23233664315193892, 0.23532491736114025, 0.23268846794962883, 0.24186217226088047, 0.20827419683337212, 0.2261362625285983, 0.2123876204714179, 0.2177975820377469, 0.21145111415535212, 0.2182357721030712, 0.26226233784109354, 0.20579770114272833
Test point regression losses:
0.2732474412769079, 0.1624620482325554, 0.1439557448029518, 0.1510103652253747, 0.19260982796549797, 0.1737858597189188, 0.18925887998193502, 0.18662891164422035, 0.1709518125280738, 0.20330903213471174, 0.1820307970046997, 0.1678662421181798, 0.19090626016259193, 0.16449518781155348, 0.16581142414361238, 0.17203861195594072, 0.1793763404712081, 0.1885989774018526, 0.1610739715397358, 0.2512449836358428, 0.15415331814438105
Test total losses:
0.5606762748211622, 0.3836890980601311, 0.3841415699571371, 0.38406076841056347, 0.4126001354306936, 0.3902886249125004, 0.41014179959893227, 0.4125524591654539, 0.39689486287534237, 0.43659060820937157, 0.41828056424856186, 0.4014767911285162, 0.4338524956256151, 0.37371321581304073, 0.3928764685988426, 0.3853552620857954, 0.3981522638350725, 0.40098085068166256, 0.3802551832050085, 0.514609269797802, 0.3609071709215641
Test times:
3.394803524017334, 3.4077298641204834, 3.3799073696136475, 3.386892557144165, 3.3652257919311523, 3.38472318649292, 3.3840484619140625, 3.4025075435638428, 3.353203535079956, 3.432356119155884, 3.404428243637085, 3.373941421508789, 3.428227186203003, 3.378270387649536, 3.406406879425049, 3.4040913581848145, 3.3720200061798096, 3.45910382270813, 3.3875842094421387, 38.32414484024048, 3.4422624111175537
Bar Precisions:
0.8061413419913419
Bar Recalls:
0.987602380952381
Bar F1s:
0.8876932624781376
Tick Precisions:
0.8151005668866756
Tick Recalls:
0.9990793650793652
Tick F1s:
0.8977611784719203