Training origin losses:
1.1604047546861693, 0.12694085342809558, 0.0976678398437798, 0.07694733305834234
Training point classification losses:
47.10694178938866, 19.82295510172844, 17.74376744031906, 16.500077292323112
Training point regression losses:
5.635561987757683, 5.574882157146931, 5.437995173037052, 5.368932947516441
Training total losses:
53.90290820598602, 25.524778008461, 23.27943053841591, 21.945957750082016
Training times:
20.98793339729309, 20.973986864089966, 21.112826824188232, 21.126768112182617
Test origin losses:
0.03614029905293137, 0.026858074124902487, 0.019536177162081003, 0.015764663345180452
Test orient losses:
5.571341633796692, 4.6414061188697815, 4.275769144296646, 4.00347113609314
Test point regression losses:
1.35813507437706, 1.3438388779759407, 1.34720429033041, 1.3431388437747955
Test total losses:
6.9656170308589935, 6.0121029913425446, 5.642509609460831, 5.362374693155289
Test times:
3.9879226684570312, 3.991335868835449, 4.0086915493011475, 4.001899480819702