Training origin losses:
0.9449160289950669, 0.17215694789774716
Training point classification losses:
49.134165823459625, 20.196706175804138
Training point regression losses:
6.056389592587948, 5.989877313375473
Training total losses:
56.13547143340111, 26.358740508556366
Training times:
22.518635749816895, 22.611950159072876
Test origin losses:
0.051712026819586754, 0.03193262335844338
Test orient losses:
5.498161166906357, 4.6410582065582275
Test point regression losses:
1.3464335352182388, 1.3397110179066658
Test total losses:
6.896306693553925, 6.01270192861557
Test times:
8.62050175666809, 8.663326263427734
Bar Precisions:
0.0, 0.0
Bar Recalls:
0.0, 0.0
Tick Precisions:
0.0, 0.0
Tick Recalls:
0.0, 0.0