Training origin losses:
0.007368257523921784, 0.0072505807838751934, 0.00730396560538793, 0.007497268692532089, 0.007458149702870287, 0.007404686424706597, 0.007233324475237168, 0.007096702654962428, 0.007304668026336003, 0.007540803919255268, 0.00736182809487218, 0.0073105507108266465, 0.00724247885227669, 0.007247295463457704, 0.007145195173507091, 0.007176438215537928, 0.007102973337168805, 0.007217939193651546, 0.00701740801014239, 0.007140750138205476, 0.007105920718458947, 0.007081666524754837, 0.007026505169051234, 0.007132503880711738, 0.00705722656857688, 0.0071727341710356995, 0.006962483246752527, 0.007041138713248074, 0.006942362953850534, 0.006955384204047732, 0.007016698160441592, 0.006950362374482211, 0.006998698263487313, 0.007149966208089609, 0.007169004587922245, 0.006988967230427079, 0.006925345631316304, 0.006898176470713224, 0.00710329353751149, 0.007153560014558025
Training point classification losses:
0.30272863805294037, 0.3093955423682928, 0.3035132889635861, 0.3008040343411267, 0.30688243731856346, 0.30638332571834326, 0.31018987065181136, 0.30585378920659423, 0.30857491213828325, 0.3019118057563901, 0.3045972166582942, 0.3011035369709134, 0.30181510420516133, 0.3036078801378608, 0.3022666312754154, 0.3094321941025555, 0.30024834256619215, 0.30502079892903566, 0.30449237022548914, 0.3072641873732209, 0.3015033439733088, 0.30245543411001563, 0.30168427038006485, 0.29560499964281917, 0.29877410223707557, 0.2966012335382402, 0.299077132018283, 0.2881890060380101, 0.29248758452013135, 0.29639163753017783, 0.2891543251462281, 0.2950942311435938, 0.2950034511741251, 0.2970644240267575, 0.29644332360476255, 0.28450087062083185, 0.29245809093117714, 0.296364629175514, 0.3061971003189683, 0.29625532729551196
Training point regression losses:
5.24802453815937, 5.246878772974014, 5.261571504175663, 5.255877301096916, 5.245823301374912, 5.243820130825043, 5.242557920515537, 5.241019941866398, 5.262869708240032, 5.252630516886711, 5.239590793848038, 5.2552772387862206, 5.256543658673763, 5.254458852112293, 5.244948223233223, 5.255865707993507, 5.245780102908611, 5.2604425102472305, 5.245680741965771, 5.257387548685074, 5.261022001504898, 5.246842741966248, 5.244127117097378, 5.2525874227285385, 5.242877043783665, 5.249817527830601, 5.244690917432308, 5.258754171431065, 5.246999561786652, 5.250019691884518, 5.248899646103382, 5.249325931072235, 5.2468830570578575, 5.254259079694748, 5.2478974014520645, 5.251242816448212, 5.2533063888549805, 5.262282468378544, 5.247109726071358, 5.251289032399654
Training total losses:
52.11656826734543, 52.22421270608902, 51.32367396354675, 51.5233633518219, 51.69944429397583, 52.04741579294205, 51.46242168545723, 51.74429905414581, 51.610585153102875, 51.237201392650604, 51.26249009370804, 51.00335493683815, 51.7371911406517, 51.16844946146011, 51.88852301239967, 51.91901871562004, 50.79512894153595, 51.21169203519821, 51.05356448888779, 50.848349541425705, 51.574151158332825, 51.01560616493225, 50.68410167098045, 50.01685184240341, 51.241340667009354, 50.762411177158356, 51.056417018175125, 51.40822625160217, 51.24063891172409, 50.92118474841118, 51.07354635000229, 50.895663529634476, 50.23923361301422, 50.92033189535141, 50.58159285783768, 50.10219216346741, 50.46616542339325, 51.08208021521568, 50.57964646816254, 49.175561517477036
Training times:
136.35203671455383, 139.40769577026367, 140.03386425971985, 140.8710482120514, 139.28065872192383, 139.97538685798645, 139.35186457633972, 138.9442491531372, 140.03275990486145, 140.07850313186646, 140.19936513900757, 138.3858287334442, 138.31189227104187, 139.0360221862793, 140.16115307807922, 135.48152422904968, 138.82780265808105, 139.04189944267273, 138.53620743751526, 136.7640597820282, 139.46260142326355, 139.31701564788818, 140.18628334999084, 139.0136079788208, 138.9907476902008, 136.4962456226349, 139.52292799949646, 136.84764981269836, 138.75812244415283, 139.7111587524414, 138.3573796749115, 139.50197172164917, 139.6052327156067, 140.33368134498596, 140.594468832016, 137.38324308395386, 138.06282114982605, 137.09401631355286, 134.60266876220703, 136.63964176177979
Test origin losses:
0.0016794355105957948, 0.0016771447262726724, 0.0017360358469886705, 0.0016275360903819092, 0.0016868290476850234, 0.0016517718977411278, 0.0016708875118638389, 0.0016241113989963196, 0.0017109669570345432, 0.0016965322283795103, 0.001634341104363557, 0.0016686350718373433, 0.0016442965861642733, 0.001714393452857621, 0.0015795320505276322, 0.001624508382519707, 0.0016493650327902287, 0.0017242792746401392, 0.001618074398720637, 0.0016923842340474948, 0.0016141742307809182, 0.0015793953789398074, 0.001585167097800877, 0.001650658348808065, 0.0015747730285511352, 0.001580942393047735, 0.0015684903701185249, 0.001559379481477663, 0.0016692325079930015, 0.001571059983689338, 0.0016221688565565273, 0.0016287098114844412, 0.0016354709805455059, 0.0016254432121058926, 0.0015388823085231707, 0.0015470421421923675, 0.0016498429831699468, 0.0015935167612042278, 0.0016100272405310534, 0.0016422737389802933
Test orient losses:
0.2415963551029563, 0.2484273472800851, 0.2511168196797371, 0.2438911609351635, 0.25571257062256336, 0.24293077271431684, 0.251068664714694, 0.2561148526147008, 0.2486139079555869, 0.25945341773331165, 0.2533559435978532, 0.2487164195626974, 0.2560240672901273, 0.25032243970781565, 0.2512977793812752, 0.2504985071718693, 0.25698034930974245, 0.25385548640042543, 0.2631218284368515, 0.2678396077826619, 0.25424191914498806, 0.2535575833171606, 0.26264634542167187, 0.2531630815938115, 0.24704658705741167, 0.2538506891578436, 0.25060376804322004, 0.2578008696436882, 0.25485825166106224, 0.25624453090131283, 0.2667629960924387, 0.2510822778567672, 0.2477482594549656, 0.2510364381596446, 0.2629233514890075, 0.2653355663642287, 0.26089519914239645, 0.2595383785665035, 0.2555206026881933, 0.27173579204827547
Test point regression losses:
2.864734038710594, 2.875157579779625, 2.875639095902443, 2.839164286851883, 2.847029224038124, 2.810719385743141, 2.88099205493927, 2.870247781276703, 2.8140771985054016, 2.878154620528221, 2.8077245950698853, 2.8861384242773056, 2.8568713814020157, 2.8445858657360077, 2.8452977687120438, 2.8635919243097305, 2.923845484852791, 2.8582425266504288, 2.871486708521843, 2.855160281062126, 2.81282439827919, 2.8160393238067627, 2.9003971964120865, 2.8541087806224823, 2.7452942579984665, 2.827799990773201, 2.8652134388685226, 2.9392140954732895, 2.860954061150551, 2.8873957097530365, 2.866698458790779, 2.8783604949712753, 2.8465522825717926, 2.753964602947235, 2.9023561477661133, 2.924113765358925, 2.8862060606479645, 2.7841031551361084, 2.8423863351345062, 2.912869840860367
Test total losses:
56.650800466537476, 56.29180693626404, 56.472952365875244, 56.37346386909485, 56.64544653892517, 56.451289892196655, 56.65293097496033, 56.49983096122742, 56.36706852912903, 56.77763223648071, 56.662779808044434, 56.30200695991516, 56.76732921600342, 56.43399214744568, 56.13833737373352, 56.22708249092102, 56.793229818344116, 56.5988712310791, 56.34945273399353, 56.47036099433899, 56.239078998565674, 56.446232080459595, 56.8943932056427, 56.258742570877075, 56.25386309623718, 55.959693908691406, 56.80812668800354, 55.98499393463135, 55.99457836151123, 56.15726161003113, 56.76332688331604, 56.18653225898743, 56.44824504852295, 55.93618202209473, 56.598846197128296, 56.3361291885376, 56.52196931838989, 56.63438391685486, 56.12923502922058, 56.51530456542969
Test times:
28.49399495124817, 28.42818570137024, 28.57079768180847, 27.656702518463135, 28.145891427993774, 28.443549156188965, 28.469807863235474, 28.324375867843628, 28.426300048828125, 27.423327207565308, 28.293479442596436, 28.508580684661865, 28.256300449371338, 27.931564331054688, 27.67048740386963, 28.191251516342163, 28.261508464813232, 28.290539741516113, 28.009629487991333, 53.38582158088684, 28.453831911087036, 28.487718105316162, 28.28865075111389, 28.327159643173218, 28.412145853042603, 28.39005732536316, 27.642720937728882, 28.306965827941895, 28.215057134628296, 28.268735647201538, 28.07412314414978, 27.661375999450684, 28.447219133377075, 28.276793479919434, 28.04732370376587, 28.148061752319336, 28.112038135528564, 28.195378303527832, 27.976951122283936, 51.23778438568115
Bar Precisions:
0.9494572195778076, 0.9553727235183118
Bar Recalls:
0.9951726190476188, 0.9950547619047619
Bar F1s:
0.9717775682685265, 0.9748100711620247
Tick Precisions:
0.994979365079365, 0.9929496031746036
Tick Recalls:
0.9990444444444443, 0.9992682539682539
Tick F1s:
0.997007761162875, 0.9960989082446585