Training origin losses:
0.01392458623740822, 0.01387343278474873, 0.014168083682307042, 0.013894327828893438, 0.013902531936764717, 0.013594446238130331, 0.013452612300170586, 0.01354399515548721, 0.013309086993103847, 0.013340413155674469
Training point classification losses:
0.8596209539100528, 0.840961292386055, 0.8126228135079145, 0.8043307913467288, 0.7831424223259091, 0.7860870966687799, 0.7765041887760162, 0.7725914316251874, 0.7608395256102085, 0.752227527089417
Training point regression losses:
3.2564715333282948, 3.263886496424675, 3.2379578165709972, 3.231396708637476, 3.241698034107685, 3.229310382157564, 3.2429341822862625, 3.2258338630199432, 3.24778351187706, 3.2354686073958874
Training total losses:
21.890029430389404, 21.456415370106697, 20.959421306848526, 20.80067639052868, 20.456029549241066, 20.556785598397255, 20.331053271889687, 20.18387956917286, 20.120155453681946, 19.90402066707611
Training times:
160.2719440460205, 154.7001326084137, 158.13612341880798, 157.364520072937, 157.58982133865356, 158.20819425582886, 157.41173243522644, 154.85808801651, 156.1280448436737, 154.92172074317932
Test origin losses:
0.005231568909948692, 0.005166165079572238, 0.005189378440263681, 0.005135705971042626, 0.005113216393510811, 0.005035801863414235, 0.005019631396862678, 0.005004531383747235, 0.004993789276340976, 0.004953883108100854
Test orient losses:
0.38801383785903454, 0.3885663226246834, 0.3924019876867533, 0.39582546427845955, 0.39869832806289196, 0.3933242727071047, 0.3980108071118593, 0.40231854654848576, 0.39900023862719536, 0.4028219599276781
Test point regression losses:
2.522697798907757, 2.5394264087080956, 2.62670536339283, 2.6723653078079224, 2.7195927649736404, 2.707339182496071, 2.7318207770586014, 2.7814557999372482, 2.8112671226263046, 2.80598047375679
Test total losses:
10.441646337509155, 10.37332683801651, 10.45560735464096, 10.49777227640152, 10.544399917125702, 10.53968858718872, 10.51763927936554, 10.597126185894012, 10.621151983737946, 10.614843010902405
Test times:
44.596888303756714, 42.63783597946167, 44.14753317832947, 44.13495063781738, 44.033149003982544, 44.284860372543335, 44.009705543518066, 43.96594285964966, 44.09527325630188, 42.30192804336548
Bar Precisions:
0.8137266539016543, 0.820115179265179, 0.8201972147133914, 0.816146554262731, 0.8183704081865851, 0.8174757062382069, 0.8225357650519417, 0.8239451945113707, 0.8178567044067044, 0.8270348845598846
Bar Recalls:
0.9574190476190474, 0.9576210317460312, 0.9581694444444441, 0.9587043650793644, 0.9568238095238091, 0.9577999999999994, 0.9576876984126979, 0.956916666666666, 0.9568317460317455, 0.9575944444444437
Bar F1s:
0.8797439954621937, 0.883550145689809, 0.8838311329216847, 0.881700266303155, 0.8821978843222976, 0.882091980061033, 0.8849814642501687, 0.8854666453761691, 0.8819026892161281, 0.8875389392576508
Tick Precisions:
0.9576534188034199, 0.961297510822512, 0.9621919469419481, 0.9633320984570993, 0.963639962814964, 0.9613743145743154, 0.9615967809967819, 0.9651116078366085, 0.9614803391053401, 0.9601817016317027
Tick Recalls:
0.9914460317460322, 0.9925083333333338, 0.991471031746032, 0.992469047619048, 0.9924511904761908, 0.992630158730159, 0.9916884920634922, 0.9915833333333336, 0.9912361111111113, 0.9919246031746035
Tick F1s:
0.9742567846838375, 0.9766536354242066, 0.9766120899858827, 0.9776835361966316, 0.9778333966462072, 0.9767522557010057, 0.9764108447157485, 0.9781684053060588, 0.9761315137575939, 0.975795069173802
Mean F1s:
0.9270003900730156, 0.9301018905570078, 0.9302216114537837, 0.9296919012498933, 0.9300156404842523, 0.9294221178810194, 0.9306961544829586, 0.931817525341114, 0.929017101486861, 0.9316670042157265