Training origin losses:
0.080727361200843, 0.07796449464512989, 0.0760468736407347, 0.07569005666300654, 0.07328624807996675, 0.07133691309718415, 0.07119372911984101, 0.06995562702650204, 0.06851273454958573, 0.06769948708824813, 0.06585464242380112, 0.4717918455717154, 3.542390302522108, 11.243545979261398
Training point classification losses:
9.106439679861069, 8.83114543557167, 8.558482274413109, 8.294031172990799, 8.023662559688091, 7.790296517312527, 7.562250517308712, 7.341349869966507, 7.138005517423153, 6.948482312262058, 6.760636277496815, 6.569981873035431, 6.423842765390873, 6.251757025718689
Training point regression losses:
4.109069928526878, 3.8891495876014233, 3.671638272702694, 3.4705341793596745, 3.311983935534954, 3.1501971036195755, 3.022334113717079, 2.914304558187723, 2.810222364962101, 2.730227805674076, 2.6654462665319443, 2.5925007313489914, 2.550845965743065, 2.6433970034122467
Training total losses:
13.296237006783485, 12.798259571194649, 12.306167379021645, 11.840255409479141, 11.40893279016018, 11.011830508708954, 10.655778378248215, 10.325610026717186, 10.016740649938583, 9.746409624814987, 9.491937220096588, 9.378950417041779, -13.394835069775581, -242.43840032815933
Training times:
34.3119900226593, 34.35110330581665, 34.27709150314331, 34.25619983673096, 34.319000005722046, 34.21669578552246, 34.23306727409363, 34.285303831100464, 34.501208782196045, 34.3320951461792, 34.12582588195801, 34.32469439506531, 34.25452661514282, 35.14850974082947
Test origin losses:
0.016537581046577543, 0.016231361019890755, 0.015612845832947642, 0.015340620069764555, 0.014908586686942726, 0.014479120494797826, 0.014389354328159243, 0.013889469031710178, 0.013636349001899362, 0.01332502014702186, 0.013045082916505635, 0.02445886645000428, 2.8436403423547745, 2.843857988715172
Test orient losses:
2.2857504785060883, 2.21498866379261, 2.1485605686903, 2.0794240832328796, 2.0180943831801414, 1.9614578783512115, 1.9046036526560783, 1.8522594720125198, 1.800322875380516, 1.7510455697774887, 1.6995793655514717, 1.6558781638741493, 1.606857843697071, 1.5403812229633331
Test point regression losses:
0.9886555150151253, 0.918541431427002, 0.8527002409100533, 0.7863724268972874, 0.7339648082852364, 0.69067258015275, 0.6531142629683018, 0.6230290085077286, 0.5962823815643787, 0.5750378277152777, 0.5548308473080397, 0.5398074761033058, 0.5247091632336378, 0.5532515235245228
Test total losses:
3.290943592786789, 3.149761453270912, 3.0168736428022385, 2.8811371326446533, 2.7669677287340164, 2.6666095554828644, 2.572107255458832, 2.489177957177162, 2.4102416038513184, 2.339408427476883, 2.267455279827118, 2.2201445251703262, 4.975207358598709, 4.937490731477737
Test times:
7.610352516174316, 7.615596294403076, 7.6977081298828125, 7.6518166065216064, 7.663313150405884, 7.775557994842529, 7.543004274368286, 7.688414812088013, 7.673762798309326, 7.645606517791748, 7.601086378097534, 7.6720709800720215, 7.687771558761597, 7.719903469085693
Bar Precisions:
0.0, 0.0, 0.0, 0.0, 0.0, 0.0, 0.0, 0.0, 0.0, 0.0, 0.0, 0.0, 0.0, 0.0
Bar Recalls:
0.0, 0.0, 0.0, 0.0, 0.0, 0.0, 0.0, 0.0, 0.0, 0.0, 0.0, 0.0, 0.0, 0.0
Bar F1s:
0.0, 0.0, 0.0, 0.0, 0.0, 0.0, 0.0, 0.0, 0.0, 0.0, 0.0, 0.0, 0.0, 0.0
Tick Precisions:
0.0, 0.0, 0.0, 0.0, 0.0, 0.0, 0.0, 0.0, 0.0, 0.0, 0.0, 0.0, 0.0, 0.0
Tick Recalls:
0.0, 0.0, 0.0, 0.0, 0.0, 0.0, 0.0, 0.0, 0.0, 0.0, 0.0, 0.0, 0.0, 0.0
Tick F1s:
0.0, 0.0, 0.0, 0.0, 0.0, 0.0, 0.0, 0.0, 0.0, 0.0, 0.0, 0.0, 0.0, 0.0
Mean F1s:
0.0, 0.0, 0.0, 0.0, 0.0, 0.0, 0.0, 0.0, 0.0, 0.0, 0.0, 0.0, 0.0, 0.0