Training origin losses:
0.06681202771142125, 0.06549199193250388, 0.06327838829020038, 0.06285496213240549, 0.06095966987777501, 0.061477045819628984, 0.060188330709934235, 0.057555378996767104, 0.054751077317632735, 0.052814389986451715, 0.04807745025027543, 0.04619009036105126, 0.04318432541913353, 0.04111863995785825, 0.03860408390755765, 0.03774084590259008, 0.03561062348308042, 0.03500673398957588, 0.032249844138277695, 0.03196461309562437
Training point classification losses:
6.778582334518433, 6.578550882637501, 6.392527744174004, 6.211168169975281, 6.005634419620037, 5.813893720507622, 5.600924909114838, 5.382194705307484, 5.171077206730843, 4.945431053638458, 4.721106670796871, 4.5034781619906425, 4.308431934565306, 4.127669855952263, 3.9545139968395233, 3.8056418038904667, 3.6807151585817337, 3.579604160040617, 3.4613204449415207, 3.371089331805706
Training point regression losses:
2.6774454563856125, 2.6093237064778805, 2.554120235145092, 2.5022713132202625, 2.46322226151824, 2.4127986803650856, 2.3683237470686436, 2.364156875759363, 2.343308139592409, 2.354750692844391, 2.401052702218294, 2.45808694511652, 2.501504708081484, 2.554384335875511, 2.632279746234417, 2.695907786488533, 2.7264508306980133, 2.7771636582911015, 2.805719517171383, 2.821274768561125
Training total losses:
9.52283988893032, 9.254508376121521, 9.021267667412758, 8.927301689982414, 9.153684228658676, 10.208784073591232, 12.107394382357597, 15.435495883226395, 18.858837500214577, 22.615822553634644, 26.999688118696213, 32.22128063440323, 37.14269629120827, 42.364285469055176, 46.42525461316109, 49.16580072045326, 51.08263924717903, 51.970418483018875, 52.67053887248039, 52.79616788029671
Training times:
35.335572481155396, 34.92832899093628, 35.06808829307556, 35.3608455657959, 36.51725721359253, 38.611048221588135, 42.316866874694824, 47.88132190704346, 54.79859471321106, 62.19662404060364, 74.0156979560852, 86.20381689071655, 102.58726620674133, 122.2012529373169, 145.03678560256958, 165.04029059410095, 183.90309596061707, 197.7983181476593, 210.9136345386505, 222.8995189666748
Test origin losses:
0.01311284035909921, 0.012866435863543302, 0.012610541190952063, 0.012558772752527148, 0.012639566499274224, 0.012549548700917512, 0.01181522075785324, 0.010557417757809162, 0.010858205612748861, 0.01001019767136313, 0.009486125549301505, 0.009512159740552306, 0.008691629453096539, 0.008492728899000213, 0.009696403343696147, 0.008888580341590568, 0.008010543795535341, 0.008305733208544552, 0.00787804665742442, 0.008087319845799357
Test orient losses:
1.7083712592720985, 1.6563406065106392, 1.6066825687885284, 1.5563768446445465, 1.5018038302659988, 1.444075845181942, 1.389420546591282, 1.3285826966166496, 1.2671288847923279, 1.2050839215517044, 1.144692912697792, 1.0897265002131462, 1.0352612137794495, 0.9915745928883553, 0.9519583024084568, 0.9217181913554668, 0.8870528340339661, 0.860579252243042, 0.830482617020607, 0.8063645474612713
Test point regression losses:
0.5584278907626867, 0.5399632565677166, 0.524513840675354, 0.5109259448945522, 0.4968071561306715, 0.4834173731505871, 0.4724824149161577, 0.4642941653728485, 0.46021516621112823, 0.4636622704565525, 0.4715947564691305, 0.48553006537258625, 0.4866847451776266, 0.5107905697077513, 0.525520384311676, 0.5274784937500954, 0.5408298503607512, 0.5552131030708551, 0.5662846639752388, 0.580040417611599
Test total losses:
2.279911980032921, 2.209170326590538, 2.1438069343566895, 2.079861558973789, 2.011250540614128, 1.9520885273814201, 2.071834646165371, 2.705716386437416, 3.6585385501384735, 4.829121112823486, 5.683204233646393, 6.741301983594894, 8.07945665717125, 9.60340502858162, 10.68436935544014, 11.513933181762695, 11.897333145141602, 12.125929713249207, 12.134119689464569, 12.114031553268433
Test times:
7.86567759513855, 7.781506061553955, 7.791198253631592, 7.828709840774536, 7.84133243560791, 7.860915184020996, 8.543866634368896, 10.208134412765503, 13.276379823684692, 16.4534432888031, 19.99384117126465, 23.77119517326355, 28.5980806350708, 35.16026067733765, 41.49481773376465, 48.323373317718506, 53.58963322639465, 57.65261149406433, 60.783976316452026, 63.47747588157654
Bar Precisions:
0.0, 0.0, 0.0, 0.0, 0.0, 0.0, 0.0, 0.0, 0.0, 0.009, 0.09608333333333333, 0.3055917027417028, 0.5259004662004665, 0.6361274806892452, 0.6608795123564082, 0.6502581263894344, 0.6270801701136844, 0.6039979161748127, 0.5866789019889636, 0.5674229268964308
Bar Recalls:
0.0, 0.0, 0.0, 0.0, 0.0, 0.0, 0.0, 0.0, 0.0, 0.0014063492063492065, 0.022736507936507937, 0.09955476190476202, 0.25523492063492065, 0.422453571428571, 0.5433150793650787, 0.6497265873015877, 0.7178634920634928, 0.7594714285714286, 0.7916734126984124, 0.8154746031746027
Bar F1s:
0.0, 0.0, 0.0, 0.0, 0.0, 0.0, 0.0, 0.0, 0.0, 0.0024325808419768153, 0.036771627491711915, 0.1501832638873873, 0.34367451792535536, 0.5077255550028904, 0.5963584410279817, 0.6499922481773863, 0.6694079066373215, 0.6728705152323383, 0.6739323227401464, 0.6692021297041012
Tick Precisions:
0.0, 0.0, 0.0, 0.0, 0.0, 0.019, 0.185, 0.474925, 0.7144206349206347, 0.8608051226551232, 0.9064186063936065, 0.9145839466089476, 0.9185666361416371, 0.9085562682415643, 0.894787881970973, 0.8804052771274152, 0.8728030487486398, 0.8694752057582962, 0.8664307826160789, 0.8674056535784498
Tick Recalls:
0.0, 0.0, 0.0, 0.0, 0.0, 0.003118650793650794, 0.048560714285714277, 0.18845912698412703, 0.36351944444444423, 0.5607257936507941, 0.6712313492063496, 0.7532186507936517, 0.8007972222222233, 0.8449063492063507, 0.8823813492063508, 0.9037607142857156, 0.9202095238095255, 0.9248615079365096, 0.9318099206349224, 0.9347587301587317
Tick F1s:
0.0, 0.0, 0.0, 0.0, 0.0, 0.005357864331975816, 0.07692845237549122, 0.2698404958521961, 0.4818557121634561, 0.6790927021605346, 0.7712947754420569, 0.8260949915477701, 0.8556485668463625, 0.875576076741001, 0.8885413101868637, 0.8919301297603809, 0.895879582955276, 0.896313544468666, 0.8979318478616944, 0.8998235838953763
Mean F1s:
0.0, 0.0, 0.0, 0.0, 0.0, 0.002678932165987908, 0.03846422618774561, 0.13492024792609805, 0.24092785608172804, 0.34076264150125574, 0.40403320146688443, 0.4881391277175787, 0.5996615423858589, 0.6916508158719457, 0.7424498756074227, 0.7709611889688837, 0.7826437447962988, 0.7845920298505021, 0.7859320853009204, 0.7845128567997388