Training origin losses:
0.7594261504709721, 0.18065556115470827, 0.160206014290452, 0.1496724075404927, 0.13925816293340176, 0.13326964259613305, 0.1250679010991007, 0.12125904555432498, 0.11653747945092618, 0.11166021099779755, 0.10919473471585661, 0.10462213330902159, 0.10014740377664566, 0.09730522113386542, 0.09276730904821306, 0.09058359998743981, 0.08844026643782854, 0.0861660746159032, 0.08448423026129603, 0.0826126883039251
Training point classification losses:
46.396597653627396, 20.682419508695602, 18.60340690612793, 17.53044429421425, 16.710156083106995, 16.023976609110832, 15.380060642957687, 14.747049942612648, 14.118102505803108, 13.510846436023712, 12.92671662569046, 12.378608405590057, 11.874200135469437, 11.419642761349678, 11.004495844244957, 10.626924380660057, 10.281375542283058, 9.96955905854702, 9.65329347550869, 9.364770695567131
Training point regression losses:
6.029709421098232, 5.930153101682663, 5.574628137052059, 5.443246088922024, 5.382339186966419, 5.334280952811241, 5.305118694901466, 5.277344740927219, 5.244787208735943, 5.209739774465561, 5.177303418517113, 5.126528546214104, 5.079839773476124, 5.014139898121357, 4.947399295866489, 4.859417974948883, 4.754563182592392, 4.620301090180874, 4.4673993065953255, 4.2813389748334885
Training total losses:
53.185733407735825, 26.79322823882103, 24.33824110031128, 23.123362839221954, 22.23175346851349, 21.49152734875679, 20.810247123241425, 20.145653814077377, 19.479427069425583, 18.832246273756027, 18.21321478486061, 17.60975906252861, 17.05418735742569, 16.53108784556389, 16.044662341475487, 15.576925992965698, 15.124379009008408, 14.676026284694672, 14.205176934599876, 13.728722363710403
Training times:
34.06047058105469, 34.02371096611023, 33.78407955169678, 34.123793601989746, 34.1074914932251, 34.14604878425598, 33.99621391296387, 34.143789529800415, 34.26057481765747, 34.17254710197449, 34.024916648864746, 34.211827516555786, 34.101709842681885, 34.20777654647827, 34.1102237701416, 34.188584327697754, 34.14965891838074, 34.095337867736816, 34.12235069274902, 34.050769567489624
Test origin losses:
0.04499598732218146, 0.039138007909059525, 0.03524091397412121, 0.032871940173208714, 0.030802432564087212, 0.02916131028905511, 0.0276124948868528, 0.026287437649443746, 0.025124086649157107, 0.02420323109254241, 0.023111216840334237, 0.022270020563155413, 0.02142099861521274, 0.020704491529613733, 0.020057173795066774, 0.01937886024825275, 0.018680247652810067, 0.018192149349488318, 0.017487803066615015, 0.016984216636046767
Test orient losses:
5.6242614686489105, 4.8206280171871185, 4.5095228254795074, 4.287920445203781, 4.104210719466209, 3.9394813925027847, 3.7785055339336395, 3.620551511645317, 3.467324376106262, 3.319513291120529, 3.1816248148679733, 3.0545993000268936, 2.9407931566238403, 2.8362031131982803, 2.7428436279296875, 2.6554504185914993, 2.5715462416410446, 2.492249548435211, 2.41827392578125, 2.345883831381798
Test point regression losses:
1.3311830163002014, 1.3277123868465424, 1.3252960816025734, 1.3240713626146317, 1.323016032576561, 1.3214588016271591, 1.3193054646253586, 1.3160043582320213, 1.311463549733162, 1.3054905012249947, 1.297631673514843, 1.2876528799533844, 1.2752112224698067, 1.2593390122056007, 1.2405075281858444, 1.216742917895317, 1.1855535060167313, 1.14592295140028, 1.098433293402195, 1.0415453910827637
Test total losses:
7.00044059753418, 6.187478452920914, 5.870059818029404, 5.644863724708557, 5.458029240369797, 5.29010146856308, 5.125423431396484, 4.962843298912048, 4.803912043571472, 4.649207025766373, 4.502367675304413, 4.364522188901901, 4.2374254167079926, 4.116246655583382, 4.003408327698708, 3.891572192311287, 3.77578005194664, 3.6563646644353867, 3.5341950207948685, 3.404413402080536
Test times:
7.389732122421265, 7.300023555755615, 7.433251142501831, 7.388221740722656, 7.2729105949401855, 7.391719579696655, 7.411640405654907, 7.465940475463867, 7.437220096588135, 7.4063880443573, 7.40455961227417, 7.340198516845703, 7.4057457447052, 7.364759922027588, 7.437428712844849, 7.366923809051514, 7.41810941696167, 7.38688325881958, 7.5408031940460205, 7.437733888626099
Bar Precisions:
0.0, 0.0, 0.0, 0.0, 0.0, 0.0, 0.0, 0.0, 0.0, 0.0, 0.0, 0.0, 0.0, 0.0, 0.0, 0.0, 0.0, 0.0, 0.0, 0.0
Bar Recalls:
0.0, 0.0, 0.0, 0.0, 0.0, 0.0, 0.0, 0.0, 0.0, 0.0, 0.0, 0.0, 0.0, 0.0, 0.0, 0.0, 0.0, 0.0, 0.0, 0.0
Bar F1s:
0.0, 0.0, 0.0, 0.0, 0.0, 0.0, 0.0, 0.0, 0.0, 0.0, 0.0, 0.0, 0.0, 0.0, 0.0, 0.0, 0.0, 0.0, 0.0, 0.0
Tick Precisions:
0.0, 0.0, 0.0, 0.0, 0.0, 0.0, 0.0, 0.0, 0.0, 0.0, 0.0, 0.0, 0.0, 0.0, 0.0, 0.0, 0.0, 0.0, 0.0, 0.0
Tick Recalls:
0.0, 0.0, 0.0, 0.0, 0.0, 0.0, 0.0, 0.0, 0.0, 0.0, 0.0, 0.0, 0.0, 0.0, 0.0, 0.0, 0.0, 0.0, 0.0, 0.0
Tick F1s:
0.0, 0.0, 0.0, 0.0, 0.0, 0.0, 0.0, 0.0, 0.0, 0.0, 0.0, 0.0, 0.0, 0.0, 0.0, 0.0, 0.0, 0.0, 0.0, 0.0
Mean F1s:
0.0, 0.0, 0.0, 0.0, 0.0, 0.0, 0.0, 0.0, 0.0, 0.0, 0.0, 0.0, 0.0, 0.0, 0.0, 0.0, 0.0, 0.0, 0.0, 0.0