Training origin losses:
0.6644632816314697, 0.6659994125366211, 0.6353650093078613, 0.5973151922225952, 0.5344769954681396, 0.36620116233825684, 0.1595294177532196, 0.033478133380413055, 0.003661789931356907, 0.00036998442374169827, 2.527797369111795e-05, 2.18396326090442e-06, 1.0151418194936923e-07, 5.587935891782081e-09, 1.862645371275562e-09, 0.0, 0.0, 0.0, 0.0, 0.0, 0.0, 0.0, 0.0, 0.0, 0.0, 0.0, 0.0, 0.0, 0.0, 0.0, 0.0, 0.0
Training orient losses:
0.04604756832122803, 0.04956734925508499, 0.04873412102460861, 0.04809453338384628, 0.042733751237392426, 0.04292156174778938, 0.03229159489274025, 0.024211596697568893, 0.010543260723352432, 0.004367003217339516, 0.004679017700254917, 0.006889062002301216, 0.01120824459940195, 0.014519190415740013, 0.014449002221226692, 0.018383970484137535, 0.015286020934581757, 0.016002941876649857, 0.017702406272292137, 0.017484180629253387, 0.017351539805531502, 0.017781291157007217, 0.018794100731611252, 0.01795303449034691, 0.017654752358794212, 0.016234340146183968, 0.018303528428077698, 0.017350319772958755, 0.01906728930771351, 0.01776617020368576, 0.015874575823545456, 0.015167790465056896
Training point classification losses:
1.082029938697815, 1.0806275606155396, 1.0776593685150146, 1.073968768119812, 1.069312572479248, 1.063376784324646, 1.05837082862854, 1.0515272617340088, 1.0444916486740112, 1.037395715713501, 1.0273123979568481, 1.0186774730682373, 1.008044958114624, 0.9993846416473389, 0.9863147735595703, 0.9735701084136963, 0.964693009853363, 0.9462337493896484, 0.9354573488235474, 0.9114860892295837, 0.8918440937995911, 0.8779852986335754, 0.8578073978424072, 0.8360671997070312, 0.8140977621078491, 0.8055073618888855, 0.7646315097808838, 0.7431537508964539, 0.7237268090248108, 0.7131397128105164, 0.698124885559082, 0.6704968810081482
Training point regression losses:
8.283180795842782e-05, 9.835419041337445e-05, 8.504375000484288e-05, 8.100364357233047e-05, 8.577208063798025e-05, 8.050450560403988e-05, 9.352822235086933e-05, 9.465384209761396e-05, 9.143999341176823e-05, 8.6989275587257e-05, 9.924300684360787e-05, 9.742689144331962e-05, 9.079967276193202e-05, 8.57401973917149e-05, 9.829610644374043e-05, 9.28678855416365e-05, 9.416900138603523e-05, 9.336905350210145e-05, 9.7887750598602e-05, 7.825945067452267e-05, 9.461042645853013e-05, 9.646958642406389e-05, 9.593919094186276e-05, 9.277511708205566e-05, 0.00010296311666024849, 0.00010625481809256598, 9.471538942307234e-05, 0.00010060734348371625, 0.000117186238639988, 0.00011047742009395733, 0.00011242947221035138, 0.0001040341958287172
Training total losses:
1.7925407886505127, 1.796194314956665, 1.76175856590271, 1.7193784713745117, 1.6465232372283936, 1.4724994897842407, 1.2501918077468872, 1.1092170476913452, 1.0586967468261719, 1.0421327352523804, 1.032016634941101, 1.0255687236785889, 1.0192532539367676, 1.0139038562774658, 1.0007637739181519, 0.9919540882110596, 0.9799790382385254, 0.9622367024421692, 0.953159749507904, 0.9289702773094177, 0.9091956615447998, 0.8957666158676147, 0.87660151720047, 0.8540202379226685, 0.8317525386810303, 0.8217417001724243, 0.7829350233078003, 0.7605040669441223, 0.7427940964698792, 0.7309058904647827, 0.7139994502067566, 0.6856646537780762
Training times:
19.956513166427612, 4.961543560028076
Test origin losses:
0.0, 0.0, 0.0, 0.0, 0.0, 0.0, 9.313225746154785e-10, 9.313225746154785e-10, 0.0, 0.0, 0.0, 0.0, 0.0, 0.0, 0.0, 0.0, 0.0, 0.0, 0.0, 0.0, 0.0, 0.0, 0.0, 0.0, 0.0, 0.0, 0.0, 0.0, 0.0, 0.0, 0.0, 0.0
Test orient losses:
0.017340462654829025, 0.015885066241025925, 0.015952838584780693, 0.016293227672576904, 0.01644395850598812, 0.013703730888664722, 0.01644868403673172, 0.015776118263602257, 0.01697445660829544, 0.016644109040498734, 0.016540423035621643, 0.015068789012730122, 0.016284581273794174, 0.01620938628911972, 0.014474265277385712, 0.015897205099463463, 0.014803441241383553, 0.013282489031553268, 0.014069109223783016, 0.014936008490622044, 0.01476573757827282, 0.011711099185049534, 0.013747628778219223, 0.01376634743064642, 0.014363259077072144, 0.014097279869019985, 0.014083802700042725, 0.013066818006336689, 0.013645773753523827, 0.013608968816697598, 0.012237811461091042, 0.013614168390631676
Test point classification losses:
0.9654975533485413, 0.9663549661636353, 0.9638204574584961, 0.9641429781913757, 0.9665576815605164, 0.9633374810218811, 0.9653192162513733, 0.9639296531677246, 0.9622243046760559, 0.9660609364509583, 0.9627217650413513, 0.9629397988319397, 0.9658331274986267, 0.961400032043457, 0.9684919714927673, 0.9693418741226196, 0.6715089082717896, 0.6606863737106323, 0.6509920358657837, 0.6492936611175537, 0.6667815446853638, 0.6550813317298889, 0.6644503474235535, 0.6487460136413574, 0.6392455101013184, 0.666039764881134, 0.6456828713417053, 0.6459575295448303, 0.6717165112495422, 0.6386403441429138, 0.6821001768112183, 0.6857588887214661
Test point regression losses:
0.0009636933682486415, 0.001028390834107995, 0.0009877948323264718, 0.000997083610855043, 0.0009912264067679644, 0.0010070012649521232, 0.0010117676574736834, 0.0009770330507308245, 0.001001096679829061, 0.001015663263387978, 0.0009716682834550738, 0.0010063140653073788, 0.000991210457868874, 0.0009607488173060119, 0.0010178678203374147, 0.0009860008722171187, 0.00137178017757833, 0.0014344265218824148, 0.0014050895115360618, 0.0014352924190461636, 0.0014103137655183673, 0.0014106046874076128, 0.0014391877921298146, 0.0014047360746189952, 0.0013962795492261648, 0.001399112632498145, 0.001406098366715014, 0.0014074338832870126, 0.0013723848387598991, 0.001338440808467567, 0.0014281303156167269, 0.0013934748712927103
Test total losses:
0.9828380346298218, 0.9822400212287903, 0.9797732830047607, 0.9804362058639526, 0.9830016493797302, 0.9770411849021912, 0.9817678928375244, 0.9797057509422302, 0.9791987538337708, 0.9827050566673279, 0.9792621731758118, 0.9780085682868958, 0.9821177124977112, 0.977609395980835, 0.9829662442207336, 0.9852390885353088, 0.6863123774528503, 0.6739688515663147, 0.6650611162185669, 0.664229691028595, 0.6815472841262817, 0.6667924523353577, 0.678197979927063, 0.6625123620033264, 0.6536087989807129, 0.680137038230896, 0.659766674041748, 0.6590243577957153, 0.6853622794151306, 0.6522493362426758, 0.6943379640579224, 0.6993730664253235
Test times:
3.92905855178833, 3.936704397201538